<?xml version="1.0" encoding="UTF-8"?>
<!-- Generated by org.testng.reporters.JUnitXMLReporter -->
<testsuite hostname="vasu-PC" name="Test" tests="9" failures="0" timestamp="25 Apr 2018 03:22:04 GMT" time="44.408" errors="0">
  <testcase name="radio" time="13.628" classname="com.testng.RadioButtonsTest"/>
  <testcase name="appLaunch" time="0.001" classname="com.testng.MultipleTestCaseTestNg"/>
  <testcase name="appLogin" time="0.001" classname="com.testng.MultipleTestCaseTestNg"/>
  <testcase name="appClose" time="0.002" classname="com.testng.MultipleTestCaseTestNg"/>
  <testcase name="adminLogin" time="17.307" classname="com.testng.AdminLoginTest"/>
  <testcase name="sample" time="0.003" classname="com.testng.FirstTestNg"/>
  <testcase name="appLogin" time="3.556" classname="com.testng.OrangHRMLogin"/>
  <testcase name="testMethod1" time="0.002" classname="com.testng.AnnotationsTest"/>
  <testcase name="testMethod2" time="0.002" classname="com.testng.AnnotationsTest"/>
</testsuite> <!-- Test -->
